.............x..
x.x..........x..
.xx..........x..
.x..............
................
............xx..
............xx..
................
................
................
................
................
................
................
................
................

................
..x.........xxx.
x.x.............
.xx.............
................
............xx..
............xx..
................
................
................
................
................
................
................
................
................

.............x..
.x...........x..
..xx.........x..
.xx.............
................
............xx..
............xx..
................
................
................
................
................
................
................
................
................

................
..x.........xxx.
...x............
.xxx............
................
............xx..
............xx..
................
................
................
................
................
................
................
................
................

.............x..
.............x..
.x.x.........x..
..xx............
..x.............
............xx..
............xx..
................
................
................
................
................
................
................
................
................

................
............xxx.
...x............
.x.x............
..xx............
............xx..
............xx..
................
................
................
................
................
................
................
................
................

.............x..
.............x..
..x..........x..
...xx...........
..xx............
............xx..
............xx..
................
................
................
................
................
................
................
................
................

................
............xxx.
...x............
....x...........
..xxx...........
............xx..
............xx..
................
................
................
................
................
................
................
................
................

.............x..
.............x..
.............x..
..x.x...........
...xx...........
...x........xx..
............xx..
................
................
................
................
................
................
................
................
................

................
............xxx.
................
....x...........
..x.x...........
...xx.......xx..
............xx..
................
................
................
................
................
................
................
................
................

.............x..
.............x..
.............x..
...x............
....xx..........
...xx.......xx..
............xx..
................
................
................
................
................
................
................
................
................

................
............xxx.
................
....x...........
.....x..........
...xxx......xx..
............xx..
................
................
................
................
................
................
................
................
................

.............x..
.............x..
.............x..
................
...x.x..........
....xx......xx..
....x.......xx..
................
................
................
................
................
................
................
................
................

................
............xxx.
................
................
.....x..........
...x.x......xx..
....xx......xx..
................
................
................
................
................
................
................
................
................

.............x..
.............x..
.............x..
................
....x...........
.....xx.....xx..
....xx......xx..
................
................
................
................
................
................
................
................
................

................
............xxx.
................
................
.....x..........
......x.....xx..
....xxx.....xx..
................
................
................
................
................
................
................
................
................

.............x..
.............x..
.............x..
................
................
....x.x.....xx..
.....xx.....xx..
.....x..........
................
................
................
................
................
................
................
................

................
............xxx.
................
................
................
......x.....xx..
....x.x.....xx..
.....xx.........
................
................
................
................
................
................
................
................

.............x..
.............x..
.............x..
................
................
.....x......xx..
......xx....xx..
.....xx.........
................
................
................
................
................
................
................
................

................
............xxx.
................
................
................
......x.....xx..
.......x....xx..
.....xxx........
................
................
................
................
................
................
................
................

.............x..
.............x..
.............x..
................
................
............xx..
.....x.x....xx..
......xx........
......x.........
................
................
................
................
................
................
................

................
............xxx.
................
................
................
............xx..
.......x....xx..
.....x.x........
......xx........
................
................
................
................
................
................
................

.............x..
.............x..
.............x..
................
................
............xx..
......x.....xx..
.......xx.......
......xx........
................
................
................
................
................
................
................

................
............xxx.
................
................
................
............xx..
.......x....xx..
........x.......
......xxx.......
................
................
................
................
................
................
................

.............x..
.............x..
.............x..
................
................
............xx..
............xx..
......x.x.......
.......xx.......
.......x........
................
................
................
................
................
................

................
............xxx.
................
................
................
............xx..
............xx..
........x.......
......x.x.......
.......xx.......
................
................
................
................
................
................

.............x..
.............x..
.............x..
................
................
............xx..
............xx..
.......x........
........xx......
.......xx.......
................
................
................
................
................
................

................
............xxx.
................
................
................
............xx..
............xx..
........x.......
.........x......
.......xxx......
................
................
................
................
................
................

.............x..
.............x..
.............x..
................
................
............xx..
............xx..
................
.......x.x......
........xx......
........x.......
................
................
................
................
................

................
............xxx.
................
................
................
............xx..
............xx..
................
.........x......
.......x.x......
........xx......
................
................
................
................
................

.............x..
.............x..
.............x..
................
................
............xx..
............xx..
................
........x.......
.........xx.....
........xx......
................
................
................
................
................

................
............xxx.
................
................
................
............xx..
............xx..
................
.........x......
..........x.....
........xxx.....
................
................
................
................
................

.............x..
.............x..
.............x..
................
................
............xx..
............xx..
................
................
........x.x.....
.........xx.....
.........x......
................
................
................
................

................
............xxx.
................
................
................
............xx..
............xx..
................
................
..........x.....
........x.x.....
.........xx.....
................
................
................
................

.............x..
.............x..
.............x..
................
................
............xx..
............xx..
................
................
.........x......
..........xx....
.........xx.....
................
................
................
................

................
............xxx.
................
................
................
............xx..
............xx..
................
................
..........x.....
...........x....
.........xxx....
................
................
................
................

.............x..
.............x..
.............x..
................
................
............xx..
............xx..
................
................
................
.........x.x....
..........xx....
..........x.....
................
................
................

................
............xxx.
................
................
................
............xx..
............xx..
................
................
................
...........x....
.........x.x....
..........xx....
................
................
................

.............x..
.............x..
.............x..
................
................
............xx..
............xx..
................
................
................
..........x.....
...........xx...
..........xx....
................
................
................

................
............xxx.
................
................
................
............xx..
............xx..
................
................
................
...........x....
............x...
..........xxx...
................
................
................

.............x..
.............x..
.............x..
................
................
............xx..
............xx..
................
................
................
................
..........x.x...
...........xx...
...........x....
................
................

................
............xxx.
................
................
................
............xx..
............xx..
................
................
................
................
............x...
..........x.x...
...........xx...
................
................

.............x..
.............x..
.............x..
................
................
............xx..
............xx..
................
................
................
................
...........x....
............xx..
...........xx...
................
................

................
............xxx.
................
................
................
............xx..
............xx..
................
................
................
................
............x...
.............x..
...........xxx..
................
................

.............x..
.............x..
.............x..
................
................
............xx..
............xx..
................
................
................
................
................
...........x.x..
............xx..
............x...
................

................
............xxx.
................
................
................
............xx..
............xx..
................
................
................
................
................
.............x..
...........x.x..
............xx..
................

.............x..
.............x..
.............x..
................
................
............xx..
............xx..
................
................
................
................
................
............x...
.............xx.
............xx..
................

................
............xxx.
................
................
................
............xx..
............xx..
................
................
................
................
................
.............x..
..............x.
............xxx.
................

.............x..
.............x..
.............x..
................
................
............xx..
............xx..
................
................
................
................
................
................
............x.x.
.............xx.
.............x..

................
............xxx.
................
................
................
............xx..
............xx..
................
................
................
................
................
................
..............x.
............x.x.
.............xx.

.............x..
.............x..
.............x..
................
................
............xx..
............xx..
................
................
................
................
................
................
.............x..
..............xx
.............xx.

................
............xxx.
................
................
................
............xx..
............xx..
................
................
................
................
................
................
..............x.
...............x
.............xxx

.............x..
.............x..
.............x..
................
................
............xx..
............xx..
................
................
................
................
................
................
................
.............x.x
..............xx

